-------------------------------------------------------------------------------
Test set: com.javatechie.h2.api.SpringBootH2ApplicationTests
-------------------------------------------------------------------------------
Tests run: 1, Failures: 0, Errors: 1, Skipped: 0, Time elapsed: 0.964 s <<< FAILURE! - in com.javatechie.h2.api.SpringBootH2ApplicationTests
initializationError(com.javatechie.h2.api.SpringBootH2ApplicationTests)  Time elapsed: 0.01 s  <<< ERROR!
java.lang.IllegalStateException: Unable to find a @SpringBootConfiguration, you need to use @ContextConfiguration or @SpringBootTest(classes=...) with your test

